<?xml version="1.0" encoding="UTF-8"?>
<!-- Generated by org.testng.reporters.JUnitXMLReporter -->
<testsuite hostname="NB-106" failures="1" tests="4" name="Surefire test" time="0.163" errors="0" timestamp="5 Apr 2018 15:29:46 GMT">
  <testcase classname="catalog.CatalogProgramsTest" name="Samle1" time="0.012"/>
  <testcase classname="catalog.CatalogProgramsTest" name="Sample" time="0.004">
    <failure type="org.junit.ComparisonFailure" message="expected:&amp;lt;[1]&amp;gt; but was:&amp;lt;[2]&amp;gt;">
      <![CDATA[org.junit.ComparisonFailure: expected:<[1]> but was:<[2]>
	at org.junit.Assert.assertEquals(Assert.java:125)
	at org.junit.Assert.assertEquals(Assert.java:147)
	at catalog.CatalogProgramsTest.Sample(CatalogProgramsTest.java:11)
	at org.apache.maven.surefire.testng.TestNGExecutor.run(TestNGExecutor.java:135)
	at org.apache.maven.surefire.testng.TestNGDirectoryTestSuite.executeSingleClass(TestNGDirectoryTestSuite.java:112)
	at org.apache.maven.surefire.testng.TestNGDirectoryTestSuite.execute(TestNGDirectoryTestSuite.java:99)
	at org.apache.maven.surefire.testng.TestNGProvider.invoke(TestNGProvider.java:146)
	at org.apache.maven.surefire.booter.ForkedBooter.invokeProviderInSameClassLoader(ForkedBooter.java:379)
	at org.apache.maven.surefire.booter.ForkedBooter.runSuitesInProcess(ForkedBooter.java:340)
	at org.apache.maven.surefire.booter.ForkedBooter.execute(ForkedBooter.java:125)
	at org.apache.maven.surefire.booter.ForkedBooter.main(ForkedBooter.java:413)
... Removed 21 stack frames]]>
    </failure>
  </testcase> <!-- Sample -->
  <testcase classname="catalog.CatalogProgramsTest" name="Sample2" time="0.0"/>
  <testcase classname="catalog.CatalogProgramsTest" name="Sample3" time="0.0"/>
</testsuite> <!-- Surefire test -->
