-------------------------------------------------------------------------------
Test set: catalog.CatalogProgramsTest
-------------------------------------------------------------------------------
Tests run: 4, Failures: 1, Errors: 0, Skipped: 0, Time elapsed: 1.021 s <<< FAILURE! - in catalog.CatalogProgramsTest
Sample(catalog.CatalogProgramsTest)  Time elapsed: 0.124 s  <<< FAILURE!
org.junit.ComparisonFailure: expected:<[1]> but was:<[2]>
	at catalog.CatalogProgramsTest.Sample(CatalogProgramsTest.java:11)

