<?xml version="1.0" encoding="UTF-8"?>
<testng-results total="1" passed="1" failed="0" skipped="0">
  <reporter-output>
  </reporter-output>
  <suite started-at="2018-04-05T15:48:06Z" name="Suite1" finished-at="2018-04-05T15:48:06Z" duration-ms="45">
    <groups>
      <group name="Web">
        <method signature="CatalogProgramsTest.Samle1()[pri:0, instance:catalog.CatalogProgramsTest@223d2c72]" name="Samle1" class="catalog.CatalogProgramsTest"/>
      </group> <!-- Web -->
    </groups>
    <test started-at="2018-04-05T15:48:06Z" name="Regression1" finished-at="2018-04-05T15:48:06Z" duration-ms="45">
      <class name="catalog.CatalogProgramsTest">
        <test-method signature="Samle1()[pri:0, instance:catalog.CatalogProgramsTest@223d2c72]" started-at="2018-04-05T18:48:06Z" name="Samle1" finished-at="2018-04-05T18:48:06Z" duration-ms="15" status="PASS">
          <reporter-output>
          </reporter-output>
        </test-method> <!-- Samle1 -->
      </class> <!-- catalog.CatalogProgramsTest -->
    </test> <!-- Regression1 -->
  </suite> <!-- Suite1 -->
</testng-results>
