<?xml version="1.0" encoding="UTF-8"?>
<testsuite xmlns:xsi="http://www.w3.org/2001/XMLSchema-instance" xsi:noNamespaceSchemaLocation="https://maven.apache.org/surefire/maven-surefire-plugin/xsd/surefire-test-report.xsd" name="catalog.CatalogProgramsTest" time="1.021" tests="4" errors="0" skipped="0" failures="1">
  <properties>
[...]
</properties>
  <testcase name="Samle1" classname="catalog.CatalogProgramsTest" time="0.011"/>
  <testcase name="Sample" classname="catalog.CatalogProgramsTest" time="0.124">
    <failure message="expected:&lt;[1]&gt; but was:&lt;[2]&gt;" type="org.junit.ComparisonFailure"><![CDATA[org.junit.ComparisonFailure: expected:<[1]> but was:<[2]>
	at catalog.CatalogProgramsTest.Sample(CatalogProgramsTest.java:11)
]]></failure>
    <system-out><![CDATA[Hi guys
]]></system-out>
  </testcase>
  <testcase name="Sample2" classname="catalog.CatalogProgramsTest" time="0"/>
  <testcase name="Sample3" classname="catalog.CatalogProgramsTest" time="0"/>
</testsuite>